<?xml version="1.0" encoding="UTF-8"?>
<!-- Generated by org.testng.reporters.JUnitReportReporter -->
<testsuite skipped="0" hostname="VSmirnov-NB" name="test" tests="1" failures="0" timestamp="06 авг 2018 13:01:41 GMT" time="22.825" errors="0">
  <testcase name="findCheepItem" time="22.825" classname="test"/>
</testsuite> <!-- test -->
