<?xml version="1.0" encoding="UTF-8"?>
<!-- Generated by org.testng.reporters.JUnitReportReporter -->
<testsuite hostname="VSmirnov-NB" failures="0" tests="1" name="test" time="23.095" errors="0" timestamp="03 авг. 2018 09:35:42 GMT" skipped="0">
  <testcase classname="test" name="findCheepItem" time="23.095"/>
</testsuite> <!-- test -->
